0 info it worked if it ends with ok
1 verbose cli [ 'C:\\Program Files\\nodejs\\node.exe',
1 verbose cli   'C:\\Program Files\\nodejs\\node_modules\\npm\\bin\\npm-cli.js',
1 verbose cli   'install',
1 verbose cli   '-g',
1 verbose cli   'ionic@latest' ]
2 info using npm@4.0.5
3 info using node@v7.4.0
4 silly loadCurrentTree Starting
5 silly install loadCurrentTree
6 silly install readGlobalPackageData
7 silly fetchPackageMetaData ionic@latest
8 silly fetchNamedPackageData ionic
9 silly mapToRegistry name ionic
10 silly mapToRegistry using default registry
11 silly mapToRegistry registry https://registry.npmjs.org/
12 silly mapToRegistry data Result {
12 silly mapToRegistry   raw: 'ionic',
12 silly mapToRegistry   scope: null,
12 silly mapToRegistry   escapedName: 'ionic',
12 silly mapToRegistry   name: 'ionic',
12 silly mapToRegistry   rawSpec: '',
12 silly mapToRegistry   spec: 'latest',
12 silly mapToRegistry   type: 'tag' }
13 silly mapToRegistry uri https://registry.npmjs.org/ionic
14 verbose request uri https://registry.npmjs.org/ionic
15 verbose request no auth needed
16 info attempt registry request try #1 at 2:04:53 PM
17 verbose request id 427a49ad80c4b232
18 verbose etag W/"59c44082-1c13b4"
19 verbose lastModified Thu, 21 Sep 2017 22:43:14 GMT
20 http request GET https://registry.npmjs.org/ionic
21 info retry will retry, error on last attempt: Error: connect ETIMEDOUT 151.101.172.162:443
22 info attempt registry request try #2 at 2:05:27 PM
23 verbose etag W/"59c44082-1c13b4"
24 verbose lastModified Thu, 21 Sep 2017 22:43:14 GMT
25 http request GET https://registry.npmjs.org/ionic
26 info retry will retry, error on last attempt: Error: connect ETIMEDOUT 151.101.172.162:443
27 info attempt registry request try #3 at 2:06:51 PM
28 verbose etag W/"59c44082-1c13b4"
29 verbose lastModified Thu, 21 Sep 2017 22:43:14 GMT
30 http request GET https://registry.npmjs.org/ionic
31 silly get cb [ 304, undefined ]
32 verbose etag https://registry.npmjs.org/ionic from cache
33 verbose get saving ionic to C:\Users\Admin\AppData\Roaming\npm-cache\registry.npmjs.org\ionic\.cache.json
34 verbose correctMkdir C:\Users\Admin\AppData\Roaming\npm-cache correctMkdir not in flight; initializing
35 silly install normalizeTree
36 silly loadCurrentTree Finishing
37 silly loadIdealTree Starting
38 silly install loadIdealTree
39 silly cloneCurrentTree Starting
40 silly install cloneCurrentTreeToIdealTree
41 silly cloneCurrentTree Finishing
42 silly loadShrinkwrap Starting
43 silly install loadShrinkwrap
44 silly loadShrinkwrap Finishing
45 silly loadAllDepsIntoIdealTree Starting
46 silly install loadAllDepsIntoIdealTree
47 silly resolveWithNewModule ionic@3.12.0 checking installable status
48 silly cache add args [ 'ionic@latest', null ]
49 verbose cache add spec ionic@latest
50 silly cache add parsed spec Result {
50 silly cache add   raw: 'ionic@latest',
50 silly cache add   scope: null,
50 silly cache add   escapedName: 'ionic',
50 silly cache add   name: 'ionic',
50 silly cache add   rawSpec: 'latest',
50 silly cache add   spec: 'latest',
50 silly cache add   type: 'tag' }
51 silly addNamed ionic@latest
52 verbose addNamed "latest" is being treated as a dist-tag for ionic
53 info addNameTag [ 'ionic', 'latest' ]
54 silly mapToRegistry name ionic
55 silly mapToRegistry using default registry
56 silly mapToRegistry registry https://registry.npmjs.org/
57 silly mapToRegistry data Result {
57 silly mapToRegistry   raw: 'ionic',
57 silly mapToRegistry   scope: null,
57 silly mapToRegistry   escapedName: 'ionic',
57 silly mapToRegistry   name: 'ionic',
57 silly mapToRegistry   rawSpec: '',
57 silly mapToRegistry   spec: 'latest',
57 silly mapToRegistry   type: 'tag' }
58 silly mapToRegistry uri https://registry.npmjs.org/ionic
59 verbose addNameTag registry:https://registry.npmjs.org/ionic not in flight; fetching
60 verbose get https://registry.npmjs.org/ionic not expired, no request
61 silly addNameTag next cb for ionic with tag latest
62 silly addNamed ionic@3.12.0
63 verbose addNamed "3.12.0" is a plain semver version for ionic
64 silly mapToRegistry name ionic
65 silly mapToRegistry using default registry
66 silly mapToRegistry registry https://registry.npmjs.org/
67 silly mapToRegistry data Result {
67 silly mapToRegistry   raw: 'ionic',
67 silly mapToRegistry   scope: null,
67 silly mapToRegistry   escapedName: 'ionic',
67 silly mapToRegistry   name: 'ionic',
67 silly mapToRegistry   rawSpec: '',
67 silly mapToRegistry   spec: 'latest',
67 silly mapToRegistry   type: 'tag' }
68 silly mapToRegistry uri https://registry.npmjs.org/ionic
69 verbose addRemoteTarball https://registry.npmjs.org/ionic/-/ionic-3.12.0.tgz not in flight; adding
70 verbose addRemoteTarball [ 'https://registry.npmjs.org/ionic/-/ionic-3.12.0.tgz',
70 verbose addRemoteTarball   'f279f6fbd24237ce3113c416c685e70876090537' ]
71 info retry fetch attempt 1 at 2:07:18 PM
72 info attempt registry request try #1 at 2:07:18 PM
73 http fetch GET https://registry.npmjs.org/ionic/-/ionic-3.12.0.tgz
74 info retry will retry, error on last attempt: Error: connect ETIMEDOUT 151.101.172.162:443
75 info attempt registry request try #2 at 2:07:51 PM
76 http fetch GET https://registry.npmjs.org/ionic/-/ionic-3.12.0.tgz
77 info retry will retry, error on last attempt: Error: connect ETIMEDOUT 151.101.172.162:443
78 info attempt registry request try #3 at 2:09:19 PM
79 http fetch GET https://registry.npmjs.org/ionic/-/ionic-3.12.0.tgz
80 error fetch failed https://registry.npmjs.org/ionic/-/ionic-3.12.0.tgz
81 warn retry will retry, error on last attempt: Error: connect ETIMEDOUT 151.101.172.162:443
82 info retry fetch attempt 2 at 2:09:50 PM
83 info attempt registry request try #1 at 2:09:50 PM
84 http fetch GET https://registry.npmjs.org/ionic/-/ionic-3.12.0.tgz
85 info retry will retry, error on last attempt: Error: connect ETIMEDOUT 151.101.172.162:443
86 info attempt registry request try #2 at 2:10:21 PM
87 http fetch GET https://registry.npmjs.org/ionic/-/ionic-3.12.0.tgz
88 info retry will retry, error on last attempt: Error: connect ETIMEDOUT 151.101.172.162:443
89 info attempt registry request try #3 at 2:11:42 PM
90 http fetch GET https://registry.npmjs.org/ionic/-/ionic-3.12.0.tgz
91 error fetch failed https://registry.npmjs.org/ionic/-/ionic-3.12.0.tgz
92 warn retry will retry, error on last attempt: Error: connect ETIMEDOUT 151.101.172.162:443
93 info retry fetch attempt 3 at 2:13:04 PM
94 info attempt registry request try #1 at 2:13:04 PM
95 http fetch GET https://registry.npmjs.org/ionic/-/ionic-3.12.0.tgz
96 info retry will retry, error on last attempt: Error: connect ETIMEDOUT 151.101.172.162:443
97 info attempt registry request try #2 at 2:13:35 PM
98 http fetch GET https://registry.npmjs.org/ionic/-/ionic-3.12.0.tgz
99 info retry will retry, error on last attempt: Error: connect ETIMEDOUT 151.101.172.162:443
100 info attempt registry request try #3 at 2:14:56 PM
101 http fetch GET https://registry.npmjs.org/ionic/-/ionic-3.12.0.tgz
102 error fetch failed https://registry.npmjs.org/ionic/-/ionic-3.12.0.tgz
103 silly rollbackFailedOptional Starting
104 silly rollbackFailedOptional Finishing
105 silly runTopLevelLifecycles Finishing
106 silly install printInstalled
107 verbose stack Error: connect ETIMEDOUT 151.101.172.162:443
107 verbose stack     at Object.exports._errnoException (util.js:1022:11)
107 verbose stack     at exports._exceptionWithHostPort (util.js:1045:20)
107 verbose stack     at TCPConnectWrap.afterConnect [as oncomplete] (net.js:1090:14)
108 verbose cwd C:\ionics\DC_news_app
109 error Windows_NT 10.0.14393
110 error argv "C:\\Program Files\\nodejs\\node.exe" "C:\\Program Files\\nodejs\\node_modules\\npm\\bin\\npm-cli.js" "install" "-g" "ionic@latest"
111 error node v7.4.0
112 error npm  v4.0.5
113 error code ETIMEDOUT
114 error errno ETIMEDOUT
115 error syscall connect
116 error network connect ETIMEDOUT 151.101.172.162:443
117 error network This is most likely not a problem with npm itself
117 error network and is related to network connectivity.
117 error network In most cases you are behind a proxy or have bad network settings.
117 error network
117 error network If you are behind a proxy, please make sure that the
117 error network 'proxy' config is set properly.  See: 'npm help config'
118 verbose exit [ 1, true ]
